<?xml version="1.0" encoding="UTF-8"?>
<!-- Generated by org.testng.reporters.JUnitReportReporter -->
<testsuite hostname="Neetha" failures="0" tests="3" name="Testclasses.TestingAllTCS" time="40.123" errors="0" timestamp="2024-10-24T19:19:09 IST" skipped="0">
  <testcase classname="Testclasses.TestingAllTCS" name="TC1" time="26.529"/>
  <system-out/>
  <testcase classname="Testclasses.TestingAllTCS" name="TC3" time="5.239"/>
  <system-out/>
  <testcase classname="Testclasses.TestingAllTCS" name="TC2" time="8.355"/>
  <system-out/>
</testsuite> <!-- Testclasses.TestingAllTCS -->
