<?xml version="1.0" encoding="UTF-8"?>
<!-- Generated by org.testng.reporters.JUnitReportReporter -->
<testsuite hostname="Neetha" failures="0" tests="1" name="Testclasses.CreateOrg" time="52.990" errors="0" timestamp="2024-10-23T10:20:29 IST" skipped="0">
  <testcase classname="Testclasses.CreateOrg" name="createorganization" time="52.990"/>
  <system-out/>
</testsuite> <!-- Testclasses.CreateOrg -->
